Build started 1/11/2015 7:19:55 PM.
     1>Project "C:\Users\Dima\OneDrive\Programming\Grapher\Grapher\Grapher.vcxproj" on node 2 (Build target(s)).
     1>ClCompile:
         C:\Program Files (x86)\Microsoft Visual Studio 12.0\VC\bin\CL.exe /c /ZI /nologo /W3 /WX- /sdl /Od /Oy- /D WIN32 /D _DEBUG /D _CONSOLE /D _LIB /D _UNICODE /D UNICODE /Gm /EHsc /RTC1 /MDd /GS /fp:precise /Zc:wchar_t /Zc:forScope /Yu"stdafx.h" /Fp"Debug\Grapher.pch" /Fo"Debug\\" /Fd"Debug\vc120.pdb" /Gd /TP /analyze- /errorReport:prompt Grapher.cpp
         Grapher.cpp
     1>c:\users\dima\onedrive\programming\grapher\grapher\grapher.cpp(18): warning C4244: 'initializing' : conversion from 'double' to 'float', possible loss of data
     1>c:\users\dima\onedrive\programming\grapher\grapher\grapher.cpp(33): warning C4244: 'argument' : conversion from 'double' to 'float', possible loss of data
     1>c:\users\dima\onedrive\programming\grapher\grapher\grapher.cpp(33): warning C4244: '=' : conversion from 'double' to 'float', possible loss of data
     1>c:\users\dima\onedrive\programming\grapher\grapher\grapher.cpp(34): warning C4244: 'argument' : conversion from 'double' to 'float', possible loss of data
     1>c:\users\dima\onedrive\programming\grapher\grapher\grapher.cpp(34): warning C4244: '=' : conversion from 'double' to 'float', possible loss of data
     1>c:\users\dima\onedrive\programming\grapher\grapher\grapher.cpp(37): warning C4244: '=' : conversion from 'float' to 'int', possible loss of data
     1>c:\users\dima\onedrive\programming\grapher\grapher\grapher.cpp(38): warning C4244: '=' : conversion from 'float' to 'int', possible loss of data
     1>c:\users\dima\onedrive\programming\grapher\grapher\grapher.cpp(73): warning C4305: '+=' : truncation from 'double' to 'float'
     1>c:\users\dima\onedrive\programming\grapher\grapher\grapher.cpp(76): warning C4244: 'argument' : conversion from 'double' to 'float', possible loss of data
     1>c:\users\dima\onedrive\programming\grapher\grapher\grapher.cpp(77): warning C4244: 'argument' : conversion from 'double' to 'float', possible loss of data
     1>c:\users\dima\onedrive\programming\grapher\grapher\grapher.cpp(109): warning C4244: '=' : conversion from 'float' to 'int', possible loss of data
       Link:
         C:\Program Files (x86)\Microsoft Visual Studio 12.0\VC\bin\link.exe /ERRORREPORT:PROMPT /OUT:"C:\Users\Dima\OneDrive\Programming\Grapher\Debug\Grapher.exe" /INCREMENTAL /NOLOGO kernel32.lib user32.lib gdi32.lib winspool.lib comdlg32.lib advapi32.lib shell32.lib ole32.lib oleaut32.lib uuid.lib odbc32.lib odbccp32.lib /MANIFEST /MANIFESTUAC:"level='asInvoker' uiAccess='false'" /manifest:embed /DEBUG /PDB:"C:\Users\Dima\OneDrive\Programming\Grapher\Debug\Grapher.pdb" /SUBSYSTEM:CONSOLE /TLBID:1 /DYNAMICBASE /NXCOMPAT /IMPLIB:"C:\Users\Dima\OneDrive\Programming\Grapher\Debug\Grapher.lib" /MACHINE:X86 Debug\Grapher.obj
         Debug\stdafx.obj
         Grapher.vcxproj -> C:\Users\Dima\OneDrive\Programming\Grapher\Debug\Grapher.exe
     1>Done Building Project "C:\Users\Dima\OneDrive\Programming\Grapher\Grapher\Grapher.vcxproj" (Build target(s)).

Build succeeded.

Time Elapsed 00:00:02.13
